2026-03-02 16:29:21 +00:00: Error [ERR_MODULE_NOT_FOUND]: Cannot find module '/var/www/facility/dist/index.cjs' imported from /root/.npm/_npx/5f7878ce38f1eb13/node_modules/pm2/lib/ProcessContainerFork.js
2026-03-02 16:29:21 +00:00:     at finalizeResolution (node:internal/modules/esm/resolve:283:11)
2026-03-02 16:29:21 +00:00:     at moduleResolve (node:internal/modules/esm/resolve:952:10)
2026-03-02 16:29:21 +00:00:     at defaultResolve (node:internal/modules/esm/resolve:1188:11)
2026-03-02 16:29:21 +00:00:     at ModuleLoader.defaultResolve (node:internal/modules/esm/loader:708:12)
2026-03-02 16:29:21 +00:00:     at #cachedDefaultResolve (node:internal/modules/esm/loader:657:25)
2026-03-02 16:29:21 +00:00:     at ModuleLoader.resolve (node:internal/modules/esm/loader:640:38)
2026-03-02 16:29:21 +00:00:     at ModuleLoader.getModuleJobForImport (node:internal/modules/esm/loader:264:38)
2026-03-02 16:29:21 +00:00:     at ModuleLoader.import (node:internal/modules/esm/loader:605:34)
2026-03-02 16:29:21 +00:00:     at defaultImportModuleDynamicallyForScript (node:internal/modules/esm/utils:234:31)
2026-03-02 16:29:21 +00:00:     at importModuleDynamicallyCallback (node:internal/modules/esm/utils:256:12) {
2026-03-02 16:29:21 +00:00:   code: 'ERR_MODULE_NOT_FOUND',
2026-03-02 16:29:21 +00:00:   url: 'file:///var/www/facility/dist/index.cjs'
2026-03-02 16:29:21 +00:00: }
2026-03-02T16:31:23: [baseline-browser-mapping] The data in this module is over two months old.  To ensure accurate Baseline data, please update: `npm i baseline-browser-mapping@latest -D`
2026-03-02T16:32:26: ValidationError: The 'X-Forwarded-For' header is set but the Express 'trust proxy' setting is false (default). This could indicate a misconfiguration which would prevent express-rate-limit from accurately identifying users. See https://express-rate-limit.github.io/ERR_ERL_UNEXPECTED_X_FORWARDED_FOR/ for more information.
2026-03-02T16:32:26:     at Object.xForwardedForHeader (file:///var/www/facility/node_modules/express-rate-limit/dist/index.mjs:157:13)
2026-03-02T16:32:26:     at wrappedValidations.<computed> [as xForwardedForHeader] (file:///var/www/facility/node_modules/express-rate-limit/dist/index.mjs:369:22)
2026-03-02T16:32:26:     at Object.keyGenerator (file:///var/www/facility/node_modules/express-rate-limit/dist/index.mjs:630:20)
2026-03-02T16:32:26:     at file:///var/www/facility/node_modules/express-rate-limit/dist/index.mjs:682:32
2026-03-02T16:32:26:     at process.processTicksAndRejections (node:internal/process/task_queues:95:5)
2026-03-02T16:32:26:     at async file:///var/www/facility/node_modules/express-rate-limit/dist/index.mjs:663:5 {
2026-03-02T16:32:26:   code: 'ERR_ERL_UNEXPECTED_X_FORWARDED_FOR',
2026-03-02T16:32:26:   help: 'https://express-rate-limit.github.io/ERR_ERL_UNEXPECTED_X_FORWARDED_FOR/'
2026-03-02T16:32:26: }
2026-03-02T17:12:18: Ae: The 'X-Forwarded-For' header is set but the Express 'trust proxy' setting is false (default). This could indicate a misconfiguration which would prevent express-rate-limit from accurately identifying users. See https://express-rate-limit.github.io/ERR_ERL_UNEXPECTED_X_FORWARDED_FOR/ for more information.
2026-03-02T17:12:18:     at Object.xForwardedForHeader (/var/www/facility/dist/index.cjs:65:75952)
2026-03-02T17:12:18:     at Pk.a.<computed> [as xForwardedForHeader] (/var/www/facility/dist/index.cjs:65:79073)
2026-03-02T17:12:18:     at Object.keyGenerator (/var/www/facility/dist/index.cjs:65:81577)
2026-03-02T17:12:18:     at /var/www/facility/dist/index.cjs:65:82517
2026-03-02T17:12:18:     at process.processTicksAndRejections (node:internal/process/task_queues:95:5)
2026-03-02T17:12:18:     at async /var/www/facility/dist/index.cjs:65:82231 {
2026-03-02T17:12:18:   code: 'ERR_ERL_UNEXPECTED_X_FORWARDED_FOR',
2026-03-02T17:12:18:   help: 'https://express-rate-limit.github.io/ERR_ERL_UNEXPECTED_X_FORWARDED_FOR/'
2026-03-02T17:12:18: }
2026-03-02T17:15:48: Ae: The 'X-Forwarded-For' header is set but the Express 'trust proxy' setting is false (default). This could indicate a misconfiguration which would prevent express-rate-limit from accurately identifying users. See https://express-rate-limit.github.io/ERR_ERL_UNEXPECTED_X_FORWARDED_FOR/ for more information.
2026-03-02T17:15:48:     at Object.xForwardedForHeader (/var/www/facility/dist/index.cjs:65:75952)
2026-03-02T17:15:48:     at Pk.a.<computed> [as xForwardedForHeader] (/var/www/facility/dist/index.cjs:65:79073)
2026-03-02T17:15:48:     at Object.keyGenerator (/var/www/facility/dist/index.cjs:65:81577)
2026-03-02T17:15:48:     at /var/www/facility/dist/index.cjs:65:82517
2026-03-02T17:15:48:     at process.processTicksAndRejections (node:internal/process/task_queues:95:5)
2026-03-02T17:15:48:     at async /var/www/facility/dist/index.cjs:65:82231 {
2026-03-02T17:15:48:   code: 'ERR_ERL_UNEXPECTED_X_FORWARDED_FOR',
2026-03-02T17:15:48:   help: 'https://express-rate-limit.github.io/ERR_ERL_UNEXPECTED_X_FORWARDED_FOR/'
2026-03-02T17:15:48: }
2026-03-02T17:16:11: [/api/get] API Remote returned error, status: false
2026-03-02T17:16:28: [/api/get] API Remote returned error, status: false
